TN:
SF:src/formatter.js
FN:10,Formatter
FN:14,(anonymous_2)
FN:18,(anonymous_3)
FN:28,(anonymous_4)
FN:31,(anonymous_5)
FN:51,(anonymous_6)
FN:65,(anonymous_7)
FN:68,(anonymous_8)
FN:83,(anonymous_9)
FN:86,(anonymous_10)
FNF:10
FNH:10
FNDA:1,Formatter
FNDA:5,(anonymous_2)
FNDA:2,(anonymous_3)
FNDA:2,(anonymous_4)
FNDA:2,(anonymous_5)
FNDA:2,(anonymous_6)
FNDA:2,(anonymous_7)
FNDA:5,(anonymous_8)
FNDA:5,(anonymous_9)
FNDA:817,(anonymous_10)
DA:1,1
DA:2,1
DA:3,1
DA:4,1
DA:5,1
DA:6,1
DA:7,1
DA:8,1
DA:10,1
DA:11,1
DA:14,1
DA:15,5
DA:18,1
DA:19,2
DA:20,1
DA:21,1
DA:22,1
DA:24,0
DA:28,1
DA:29,2
DA:31,2
DA:32,2
DA:33,0
DA:36,2
DA:46,2
DA:52,2
LF:52
LH:47
BRDA:11,1,0,1
BRDA:11,1,1,0
BRDA:15,2,0,5
BRDA:15,2,1,0
BRDA:19,3,0,1
BRDA:19,3,1,1
BRDA:21,4,0,1
BRDA:21,4,1,0
BRDA:32,5,0,0
BRDA:32,5,1,2
BRDA:52,6,0,0
BRDA:52,6,1,2
BRDA:73,7,0,5
BRDA:73,7,1,0
BRDA:91,8,0,0
BRDA:91,8,1,5
BRF:16
BRH:9
end_of_record
SF:src/exists.js
DA:1,1
DA:2,0
DA:5,10
end_of_record
SF:src/doesnt_exist.js
DA:1,1
DA:2,0
DA:5,10
end_of_record
SF:src/also_doesnt_exist.js
DA:1,1
DA:2,0
DA:5,10
end_of_record
